<?xml version="1.0" encoding="UTF-8"?>
<!-- Generated by org.testng.reporters.JUnitReportReporter -->
<testsuite skipped="1" hostname="DESKTOP-3GI83JR" name="testCases.TC002_CreateLead" tests="1" failures="0" timestamp="2020-06-06T13:49:04 EDT" time="0.000" errors="0">
  <testcase name="createLead" time="0.000" classname="testCases.TC002_CreateLead">
    <skipped/>
  </testcase> <!-- createLead -->
</testsuite> <!-- testCases.TC002_CreateLead -->
